[2024-12-27T20:21:24-600] SYSTEM: Server started
[2024-12-27T20:21:24-600] SYSTEM: Configuration loaded
[2024-12-27T20:21:24-600] SYSTEM: TCP socket created
[2024-12-27T20:21:24-600] SYSTEM: TCP socket bound
[2024-12-27T20:21:24-600] SYSTEM: TCP socket listening
[2024-12-27T20:21:31-600] SYSTEM: Shutting down server...
[2024-12-27T20:21:33-600] SYSTEM: Server started
[2024-12-27T20:21:33-600] SYSTEM: Configuration loaded
[2024-12-27T20:21:33-600] SYSTEM: TCP socket created
[2024-12-27T20:21:33-600] SYSTEM: TCP socket bound
[2024-12-27T20:21:33-600] SYSTEM: TCP socket listening
[2024-12-27T20:23:55-600] SYSTEM: Server started
[2024-12-27T20:23:55-600] SYSTEM: Configuration loaded
[2024-12-27T20:23:55-600] SYSTEM: TCP socket created
[2024-12-27T20:23:55-600] SYSTEM: TCP socket bound
[2024-12-27T20:23:55-600] SYSTEM: TCP socket listening
[2024-12-27T20:23:57-600] SYSTEM: Shutting down server...
[2024-12-27T20:24:00-600] SYSTEM: Server started
[2024-12-27T20:24:00-600] SYSTEM: Configuration loaded
[2024-12-27T20:24:00-600] SYSTEM: TCP socket created
[2024-12-27T20:24:00-600] SYSTEM: TCP socket bound
[2024-12-27T20:24:00-600] SYSTEM: TCP socket listening
[2024-12-27T20:24:06-600] SYSTEM: Shutting down server...
[2024-12-27T20:31:12-600] SYSTEM: Server started
[2024-12-27T20:31:12-600] SYSTEM: Configuration loaded
[2024-12-27T20:31:12-600] SYSTEM: TCP socket created
[2024-12-27T20:31:12-600] SYSTEM: TCP socket bound
[2024-12-27T20:31:12-600] SYSTEM: TCP socket listening
[2024-12-27T20:31:13-600] SYSTEM: Shutting down server...
[2024-12-27T20:31:15-600] SYSTEM: Server started
[2024-12-27T20:31:15-600] SYSTEM: Configuration loaded
[2024-12-27T20:31:15-600] SYSTEM: TCP socket created
[2024-12-27T20:31:15-600] SYSTEM: TCP socket bound
[2024-12-27T20:31:15-600] SYSTEM: TCP socket listening
[2024-12-27T20:31:16-600] SYSTEM: Shutting down server...
[2024-12-27T20:31:18-600] SYSTEM: Server started
[2024-12-27T20:31:18-600] SYSTEM: Configuration loaded
[2024-12-27T20:31:18-600] SYSTEM: TCP socket created
[2024-12-27T20:31:18-600] SYSTEM: TCP socket bound
[2024-12-27T20:31:18-600] SYSTEM: TCP socket listening
[2024-12-27T20:31:24-600] SYSTEM: Shutting down server...
[2024-12-27T20:33:44-600] SYSTEM: Server started
[2024-12-27T20:33:44-600] SYSTEM: Configuration loaded
[2024-12-27T20:33:44-600] SYSTEM: TCP socket created
[2024-12-27T20:33:44-600] SYSTEM: TCP socket bound
[2024-12-27T20:33:44-600] SYSTEM: TCP socket listening
[2024-12-27T20:33:45-600] SYSTEM: Shutting down server...
[2024-12-27T20:33:48-600] SYSTEM: Server started
[2024-12-27T20:33:48-600] SYSTEM: Configuration loaded
[2024-12-27T20:33:48-600] SYSTEM: TCP socket created
[2024-12-27T20:33:48-600] SYSTEM: TCP socket bound
[2024-12-27T20:33:48-600] SYSTEM: TCP socket listening
[2024-12-27T20:33:53-600] SYSTEM: Shutting down server...
[2024-12-27T20:33:56-600] SYSTEM: Server started
[2024-12-27T20:33:56-600] SYSTEM: Configuration loaded
[2024-12-27T20:33:56-600] SYSTEM: TCP socket created
[2024-12-27T20:33:56-600] SYSTEM: TCP socket listening
[2024-12-27T20:34:01-600] SYSTEM: Shutting down server...
[2024-12-27T20:34:28-600] SYSTEM: Server started
[2024-12-27T20:34:28-600] SYSTEM: Configuration loaded
[2024-12-27T20:34:28-600] SYSTEM: TCP socket created
[2024-12-27T20:34:28-600] SYSTEM: TCP socket listening
[2024-12-27T20:34:30-600] SYSTEM: Shutting down server...
[2024-12-28T00:39:22-600] SYSTEM: Server started
[2024-12-28T00:39:22-600] SYSTEM: Configuration loaded
[2024-12-28T00:39:22-600] SYSTEM: TCP socket created
[2024-12-28T00:39:22-600] SYSTEM: TCP socket bound
[2024-12-28T00:39:22-600] SYSTEM: TCP socket listening
[2024-12-28T00:39:25-600] SYSTEM: Shutting down server...
[2024-12-28T01:02:58-600] SYSTEM: Server started
[2024-12-28T01:02:58-600] SYSTEM: Configuration loaded
[2024-12-28T01:02:58-600] SYSTEM: TCP socket created
[2024-12-28T01:02:58-600] SYSTEM: TCP socket bound
[2024-12-28T01:02:58-600] SYSTEM: TCP socket listening
[2024-12-28T01:03:05-600] SYSTEM: Shutting down server...
[2024-12-28T01:23:48-600] SYSTEM: Server started
[2024-12-28T01:23:48-600] SYSTEM: Configuration loaded
[2024-12-28T01:23:48-600] SYSTEM: TCP socket created
[2024-12-28T01:23:48-600] SYSTEM: TCP socket bound
[2024-12-28T01:23:48-600] SYSTEM: TCP socket listening
[2024-12-28T01:23:49-600] SYSTEM: Shutting down server...
[2024-12-28T02:08:06-600] SYSTEM: Server started
[2024-12-28T02:08:06-600] SYSTEM: Configuration loaded
[2024-12-28T02:08:06-600] SYSTEM: TCP socket created
[2024-12-28T02:08:06-600] SYSTEM: TCP socket bound
[2024-12-28T02:08:06-600] SYSTEM: TCP socket listening
[2024-12-28T02:08:14-600] SYSTEM: Shutting down server...
[2024-12-28T02:08:18-600] SYSTEM: Server started
[2024-12-28T02:08:18-600] SYSTEM: Configuration loaded
[2024-12-28T02:08:18-600] SYSTEM: TCP socket created
[2024-12-28T02:08:18-600] SYSTEM: TCP socket listening
[2024-12-28T02:08:32-600] SYSTEM: Shutting down server...
[2024-12-28T02:08:33-600] SYSTEM: Server started
[2024-12-28T02:08:33-600] SYSTEM: Configuration loaded
[2024-12-28T02:08:33-600] SYSTEM: TCP socket created
[2024-12-28T02:08:33-600] SYSTEM: TCP socket listening
[2024-12-28T02:09:24-600] SYSTEM: Shutting down server...
[2024-12-28T02:09:26-600] SYSTEM: Server started
[2024-12-28T02:09:26-600] SYSTEM: Configuration loaded
[2024-12-28T02:09:26-600] SYSTEM: TCP socket created
[2024-12-28T02:09:26-600] SYSTEM: TCP socket bound
[2024-12-28T02:09:26-600] SYSTEM: TCP socket listening
[2024-12-28T02:10:15-600] SYSTEM: Shutting down server...
[2024-12-28T02:14:12-600] SYSTEM: Server started
[2024-12-28T02:14:12-600] SYSTEM: Configuration loaded
[2024-12-28T02:14:12-600] SYSTEM: TCP socket created
[2024-12-28T02:14:12-600] SYSTEM: TCP socket bound
[2024-12-28T02:14:12-600] SYSTEM: TCP socket listening
[2024-12-28T02:14:28-600] SYSTEM: Shutting down server...
[2024-12-28T02:17:59-600] SYSTEM: Server started
[2024-12-28T02:17:59-600] SYSTEM: Configuration loaded
[2024-12-28T02:17:59-600] SYSTEM: TCP socket created
[2024-12-28T02:17:59-600] SYSTEM: TCP socket bound
[2024-12-28T02:17:59-600] SYSTEM: TCP socket listening
[2024-12-28T02:18:56-600] SYSTEM: Shutting down server...
[2024-12-28T02:21:22-600] SYSTEM: Server started
[2024-12-28T02:21:22-600] SYSTEM: Configuration loaded
[2024-12-28T02:21:22-600] SYSTEM: TCP socket created
[2024-12-28T02:21:22-600] SYSTEM: TCP socket bound
[2024-12-28T02:21:22-600] SYSTEM: TCP socket listening
[2024-12-28T02:23:06-600] SYSTEM: Shutting down server...
